<?xml version="1.0" encoding="UTF-8"?>
<!-- Generated by org.testng.reporters.JUnitXMLReporter -->
<testsuite hostname="PRIYANKA" ignored="0" name="Test" tests="5" failures="3" timestamp="2022-02-21T20:42:22 IST" time="221.095" errors="0">
  <testcase name="TestCaseDataProvider" time="35.515" classname="com.selenium.project4.TestCase1"/>
  <testcase name="TestCase1" time="99.008" classname="com.selenium.project4.TestCase1">
    <failure type="java.lang.AssertionError" message="expected [false] but found [true]">
      <![CDATA[java.lang.AssertionError: expected [false] but found [true]
at com.selenium.project4.TestCase1.TestCase1(TestCase1.java:123)
at java.util.ArrayList.forEach(Unknown Source)
... Removed 33 stack frames]]>
    </failure>
  </testcase> <!-- TestCase1 -->
  <testcase name="Case2" time="7.426" classname="com.selenium.project4.TestCase1"/>
  <testcase name="TestCase" time="33.495" classname="com.selenium.project4.Testcase2">
    <failure type="org.openqa.selenium.ElementNotInteractableException" message="element not interactable
  (Session info: MicrosoftEdge=98.0.1108.56)
Build info: version: &amp;apos;4.0.0&amp;apos;, revision: &amp;apos;3a21814679&amp;apos;
System info: host: &amp;apos;PRIYANKA&amp;apos;, ip: &amp;apos;192.168.1.102&amp;apos;, os.name: &amp;apos;Windows 11&amp;apos;, os.arch: &amp;apos;amd64&amp;apos;, os.version: &amp;apos;10.0&amp;apos;, java.version: &amp;apos;1.8.0_321&amp;apos;
Driver info: org.openqa.selenium.edge.EdgeDriver
Command: [a0e92d052cf5800a9a4bd276cca381fb, clickElement {id=f26fc635-bd05-4d0b-a08c-43c4005e8cd4}]
Capabilities {acceptInsecureCerts: false, browserName: msedge, browserVersion: 98.0.1108.56, javascriptEnabled: true, ms:edgeOptions: {debuggerAddress: localhost:63701}, msedge: {msedgedriverVersion: 98.0.1108.50 (4203d3deac4b8..., userDataDir: C:\Users\PRIYANKA\AppData\L...}, networkConnectionEnabled: false, pageLoadStrategy: normal, platform: WINDOWS, platformName: WINDOWS, proxy: Proxy(), se:cdp: ws://localhost:63701/devtoo..., se:cdpVersion: 98.0.1108.56, setWindowRect: true, strictFileInteractability: false, timeouts: {implicit: 0, pageLoad: 300000, script: 30000}, unhandledPromptBehavior: dismiss and notify, webauthn:extension:credBlob: true, webauthn:extension:largeBlob: true, webauthn:virtualAuthenticators: true}
Element: [[EdgeDriver: msedge on WINDOWS (a0e92d052cf5800a9a4bd276cca381fb)] -&amp;gt; xpath: //input[@type=&amp;apos;search&amp;apos;]]
Session ID: a0e92d052cf5800a9a4bd276cca381fb">
      <![CDATA[org.openqa.selenium.ElementNotInteractableException: element not interactable
  (Session info: MicrosoftEdge=98.0.1108.56)
Build info: version: '4.0.0', revision: '3a21814679'
System info: host: 'PRIYANKA', ip: '192.168.1.102', os.name: 'Windows 11', os.arch: 'amd64', os.version: '10.0', java.version: '1.8.0_321'
Driver info: org.openqa.selenium.edge.EdgeDriver
Command: [a0e92d052cf5800a9a4bd276cca381fb, clickElement {id=f26fc635-bd05-4d0b-a08c-43c4005e8cd4}]
Capabilities {acceptInsecureCerts: false, browserName: msedge, browserVersion: 98.0.1108.56, javascriptEnabled: true, ms:edgeOptions: {debuggerAddress: localhost:63701}, msedge: {msedgedriverVersion: 98.0.1108.50 (4203d3deac4b8..., userDataDir: C:\Users\PRIYANKA\AppData\L...}, networkConnectionEnabled: false, pageLoadStrategy: normal, platform: WINDOWS, platformName: WINDOWS, proxy: Proxy(), se:cdp: ws://localhost:63701/devtoo..., se:cdpVersion: 98.0.1108.56, setWindowRect: true, strictFileInteractability: false, timeouts: {implicit: 0, pageLoad: 300000, script: 30000}, unhandledPromptBehavior: dismiss and notify, webauthn:extension:credBlob: true, webauthn:extension:largeBlob: true, webauthn:virtualAuthenticators: true}
Element: [[EdgeDriver: msedge on WINDOWS (a0e92d052cf5800a9a4bd276cca381fb)] -> xpath: //input[@type='search']]
Session ID: a0e92d052cf5800a9a4bd276cca381fb
at org.openqa.selenium.remote.codec.w3c.W3CHttpResponseCodec.createException(W3CHttpResponseCodec.java:200)
at org.openqa.selenium.remote.codec.w3c.W3CHttpResponseCodec.decode(W3CHttpResponseCodec.java:133)
at org.openqa.selenium.remote.codec.w3c.W3CHttpResponseCodec.decode(W3CHttpResponseCodec.java:53)
at org.openqa.selenium.remote.HttpCommandExecutor.execute(HttpCommandExecutor.java:184)
at org.openqa.selenium.remote.service.DriverCommandExecutor.invokeExecute(DriverCommandExecutor.java:164)
at org.openqa.selenium.remote.service.DriverCommandExecutor.execute(DriverCommandExecutor.java:139)
at org.openqa.selenium.remote.RemoteWebDriver.execute(RemoteWebDriver.java:559)
at org.openqa.selenium.remote.RemoteWebElement.execute(RemoteWebElement.java:251)
at org.openqa.selenium.remote.RemoteWebElement.click(RemoteWebElement.java:77)
at com.selenium.project4.Testcase2.TestCase(Testcase2.java:57)
at java.util.ArrayList.forEach(Unknown Source)
... Removed 31 stack frames]]>
    </failure>
  </testcase> <!-- TestCase -->
  <testcase name="TestCase1" time="0.08" classname="com.selenium.project4.Testcase2">
    <failure type="java.io.FileNotFoundException" message="C:\Users\Prathi\OneDrive\Documents\Productslist.xlsx (The system cannot find the path specified)">
      <![CDATA[java.io.FileNotFoundException: C:\Users\Prathi\OneDrive\Documents\Productslist.xlsx (The system cannot find the path specified)
at java.io.FileInputStream.open0(Native Method)
at java.io.FileInputStream.open(Unknown Source)
at java.io.FileInputStream.<init>(Unknown Source)
at com.selenium.project4.Testcase2.TestCase1(Testcase2.java:194)
at java.util.ArrayList.forEach(Unknown Source)
... Removed 27 stack frames]]>
    </failure>
  </testcase> <!-- TestCase1 -->
</testsuite> <!-- Test -->
