<?xml version="1.0" encoding="UTF-8"?>
<!-- Generated by org.testng.reporters.JUnitXMLReporter -->
<testsuite hostname="PRIYANKA" ignored="0" name="Default test" tests="3" failures="0" timestamp="2022-02-10T17:16:07 IST" time="120.073" errors="0">
  <testcase name="Test3" time="22.299" classname="com.selenium.Testcase1"/>
  <testcase name="Test2" time="28.076" classname="com.selenium.Testcase1"/>
  <testcase name="Test1" time="31.651" classname="com.selenium.Testcase1"/>
</testsuite> <!-- Default test -->
