<?xml version="1.0" encoding="UTF-8"?>
<testng-results skipped="0" failed="1" ignored="0" total="2" passed="1">
  <reporter-output>
  </reporter-output>
  <suite name="Default suite" duration-ms="128262" started-at="2022-02-20T20:47:22 IST" finished-at="2022-02-20T20:49:30 IST">
    <groups>
    </groups>
    <test name="Default test" duration-ms="128262" started-at="2022-02-20T20:47:22 IST" finished-at="2022-02-20T20:49:30 IST">
      <class name="com.selenium.project4.Testcase2">
        <test-method status="PASS" signature="beforeTest()[pri:0, instance:com.selenium.project4.Testcase2@307f6b8c]" name="beforeTest" is-config="true" duration-ms="31393" started-at="2022-02-20T20:47:22 IST" finished-at="2022-02-20T20:47:53 IST">
          <reporter-output>
          </reporter-output>
        </test-method> <!-- beforeTest -->
        <test-method status="FAIL" signature="TestCase()[pri:0, instance:com.selenium.project4.Testcase2@307f6b8c]" name="TestCase" duration-ms="88695" started-at="2022-02-20T20:47:53 IST" finished-at="2022-02-20T20:49:22 IST">
          <exception class="org.openqa.selenium.ElementNotInteractableException">
            <message>
              <![CDATA[element not interactable
  (Session info: MicrosoftEdge=98.0.1108.56)
Build info: version: '4.1.2', revision: '9a5a329c5a'
System info: host: 'PRIYANKA', ip: '192.168.70.202', os.name: 'Windows 11', os.arch: 'amd64', os.version: '10.0', java.version: '1.8.0_321'
Driver info: org.openqa.selenium.edge.EdgeDriver
Command: [7e4c3edb6039319b8cb96d1b060171d5, clickElement {id=8f168223-f31b-4dcf-823d-f8db9ba13e22}]
Capabilities {acceptInsecureCerts: false, browserName: msedge, browserVersion: 98.0.1108.56, javascriptEnabled: true, ms:edgeOptions: {debuggerAddress: localhost:55857}, msedge: {msedgedriverVersion: 98.0.1108.50 (4203d3deac4b8..., userDataDir: C:\Users\PRIYANKA\AppData\L...}, networkConnectionEnabled: false, pageLoadStrategy: normal, platform: WINDOWS, platformName: WINDOWS, proxy: Proxy(), se:cdp: ws://localhost:55857/devtoo..., se:cdpVersion: 98.0.1108.56, setWindowRect: true, strictFileInteractability: false, timeouts: {implicit: 0, pageLoad: 300000, script: 30000}, unhandledPromptBehavior: dismiss and notify, webauthn:extension:credBlob: true, webauthn:extension:largeBlob: true, webauthn:virtualAuthenticators: true}
Element: [[EdgeDriver: msedge on WINDOWS (7e4c3edb6039319b8cb96d1b060171d5)] -> xpath: //div[@id='dynamicDirective']/product-deck/section/div[2]/div[4]/div/div/div/div[2]/div/div/product-template/div/div[4]/div[3]/div/div[3]/div[2]/div[2]/button]
Session ID: 7e4c3edb6039319b8cb96d1b060171d5]]>
            </message>
            <full-stacktrace>
              <![CDATA[org.openqa.selenium.ElementNotInteractableException: element not interactable
  (Session info: MicrosoftEdge=98.0.1108.56)
Build info: version: '4.1.2', revision: '9a5a329c5a'
System info: host: 'PRIYANKA', ip: '192.168.70.202', os.name: 'Windows 11', os.arch: 'amd64', os.version: '10.0', java.version: '1.8.0_321'
Driver info: org.openqa.selenium.edge.EdgeDriver
Command: [7e4c3edb6039319b8cb96d1b060171d5, clickElement {id=8f168223-f31b-4dcf-823d-f8db9ba13e22}]
Capabilities {acceptInsecureCerts: false, browserName: msedge, browserVersion: 98.0.1108.56, javascriptEnabled: true, ms:edgeOptions: {debuggerAddress: localhost:55857}, msedge: {msedgedriverVersion: 98.0.1108.50 (4203d3deac4b8..., userDataDir: C:\Users\PRIYANKA\AppData\L...}, networkConnectionEnabled: false, pageLoadStrategy: normal, platform: WINDOWS, platformName: WINDOWS, proxy: Proxy(), se:cdp: ws://localhost:55857/devtoo..., se:cdpVersion: 98.0.1108.56, setWindowRect: true, strictFileInteractability: false, timeouts: {implicit: 0, pageLoad: 300000, script: 30000}, unhandledPromptBehavior: dismiss and notify, webauthn:extension:credBlob: true, webauthn:extension:largeBlob: true, webauthn:virtualAuthenticators: true}
Element: [[EdgeDriver: msedge on WINDOWS (7e4c3edb6039319b8cb96d1b060171d5)] -> xpath: //div[@id='dynamicDirective']/product-deck/section/div[2]/div[4]/div/div/div/div[2]/div/div/product-template/div/div[4]/div[3]/div/div[3]/div[2]/div[2]/button]
Session ID: 7e4c3edb6039319b8cb96d1b060171d5
at sun.reflect.NativeConstructorAccessorImpl.newInstance0(Native Method)
at sun.reflect.NativeConstructorAccessorImpl.newInstance(Unknown Source)
at sun.reflect.DelegatingConstructorAccessorImpl.newInstance(Unknown Source)
at java.lang.reflect.Constructor.newInstance(Unknown Source)
at org.openqa.selenium.remote.codec.w3c.W3CHttpResponseCodec.createException(W3CHttpResponseCodec.java:200)
at org.openqa.selenium.remote.codec.w3c.W3CHttpResponseCodec.decode(W3CHttpResponseCodec.java:133)
at org.openqa.selenium.remote.codec.w3c.W3CHttpResponseCodec.decode(W3CHttpResponseCodec.java:53)
at org.openqa.selenium.remote.HttpCommandExecutor.execute(HttpCommandExecutor.java:184)
at org.openqa.selenium.remote.service.DriverCommandExecutor.invokeExecute(DriverCommandExecutor.java:167)
at org.openqa.selenium.remote.service.DriverCommandExecutor.execute(DriverCommandExecutor.java:142)
at org.openqa.selenium.remote.RemoteWebDriver.execute(RemoteWebDriver.java:558)
at org.openqa.selenium.remote.RemoteWebElement.execute(RemoteWebElement.java:251)
at org.openqa.selenium.remote.RemoteWebElement.click(RemoteWebElement.java:77)
at com.selenium.project4.Testcase2.TestCase(Testcase2.java:84)
at sun.reflect.NativeMethodAccessorImpl.invoke0(Native Method)
at sun.reflect.NativeMethodAccessorImpl.invoke(Unknown Source)
at sun.reflect.DelegatingMethodAccessorImpl.invoke(Unknown Source)
at java.lang.reflect.Method.invoke(Unknown Source)
at org.testng.internal.MethodInvocationHelper.invokeMethod(MethodInvocationHelper.java:133)
at org.testng.internal.TestInvoker.invokeMethod(TestInvoker.java:598)
at org.testng.internal.TestInvoker.invokeTestMethod(TestInvoker.java:173)
at org.testng.internal.MethodRunner.runInSequence(MethodRunner.java:46)
at org.testng.internal.TestInvoker$MethodInvocationAgent.invoke(TestInvoker.java:824)
at org.testng.internal.TestInvoker.invokeTestMethods(TestInvoker.java:146)
at org.testng.internal.TestMethodWorker.invokeTestMethods(TestMethodWorker.java:146)
at org.testng.internal.TestMethodWorker.run(TestMethodWorker.java:128)
at java.util.ArrayList.forEach(Unknown Source)
at org.testng.TestRunner.privateRun(TestRunner.java:794)
at org.testng.TestRunner.run(TestRunner.java:596)
at org.testng.SuiteRunner.runTest(SuiteRunner.java:377)
at org.testng.SuiteRunner.runSequentially(SuiteRunner.java:371)
at org.testng.SuiteRunner.privateRun(SuiteRunner.java:332)
at org.testng.SuiteRunner.run(SuiteRunner.java:276)
at org.testng.SuiteRunnerWorker.runSuite(SuiteRunnerWorker.java:53)
at org.testng.SuiteRunnerWorker.run(SuiteRunnerWorker.java:96)
at org.testng.TestNG.runSuitesSequentially(TestNG.java:1212)
at org.testng.TestNG.runSuitesLocally(TestNG.java:1134)
at org.testng.TestNG.runSuites(TestNG.java:1063)
at org.testng.TestNG.run(TestNG.java:1031)
at org.testng.remote.AbstractRemoteTestNG.run(AbstractRemoteTestNG.java:115)
at org.testng.remote.RemoteTestNG.initAndRun(RemoteTestNG.java:251)
at org.testng.remote.RemoteTestNG.main(RemoteTestNG.java:77)
]]>
            </full-stacktrace>
          </exception> <!-- org.openqa.selenium.ElementNotInteractableException -->
          <reporter-output>
          </reporter-output>
        </test-method> <!-- TestCase -->
        <test-method status="PASS" signature="TestCase1()[pri:0, instance:com.selenium.project4.Testcase2@307f6b8c]" name="TestCase1" duration-ms="3808" started-at="2022-02-20T20:49:22 IST" finished-at="2022-02-20T20:49:26 IST">
          <reporter-output>
          </reporter-output>
        </test-method> <!-- TestCase1 -->
        <test-method status="PASS" signature="afterTest()[pri:0, instance:com.selenium.project4.Testcase2@307f6b8c]" name="afterTest" is-config="true" duration-ms="4067" started-at="2022-02-20T20:49:26 IST" finished-at="2022-02-20T20:49:30 IST">
          <reporter-output>
          </reporter-output>
        </test-method> <!-- afterTest -->
      </class> <!-- com.selenium.project4.Testcase2 -->
    </test> <!-- Default test -->
  </suite> <!-- Default suite -->
</testng-results>
